<?xml version="1.0" encoding="UTF-8"?>
<!-- Generated by org.testng.reporters.JUnitReportReporter -->
<testsuite skipped="0" hostname="DESKTOP-KNCRCAG" name="runnerPackage.TestRunner" tests="1" failures="0" timestamp="25 Feb 2018 18:07:53 GMT" time="4.576" errors="0">
  <testcase name="runScenario" time="4.576" classname="runnerPackage.TestRunner"/>
</testsuite> <!-- runnerPackage.TestRunner -->
