<?xml version="1.0" encoding="UTF-8"?>
<!-- Generated by org.testng.reporters.JUnitReportReporter -->
<testsuite skipped="0" hostname="DESKTOP-KNCRCAG" name="runnerPackage.TestRunner" tests="4" failures="0" timestamp="25 Feb 2018 20:58:08 GMT" time="12.240" errors="0">
  <testcase name="runScenario" time="4.639" classname="runnerPackage.TestRunner"/>
  <testcase name="runScenario" time="2.856" classname="runnerPackage.TestRunner"/>
  <testcase name="runScenario" time="2.345" classname="runnerPackage.TestRunner"/>
  <testcase name="runScenario" time="2.400" classname="runnerPackage.TestRunner"/>
</testsuite> <!-- runnerPackage.TestRunner -->
